_old_/3-adapter/android/adapterRN84/android/turbomodule-lib/build/intermediates/manifest_merge_blame_file/debug/processDebugManifest/manifest-merger-blame-debug-report.txt
1<?xml version="1.0" encoding="utf-8"?>
2<manifest xmlns:android="http://schemas.android.com/apk/res/android"
3    package="com.adapterrn84.turbomodules" >
4
5    <uses-sdk android:minSdkVersion="24" />
6
7    <uses-permission android:name="android.permission.CAMERA" />
7-->src/main/AndroidManifest.xml:2:5-65
7-->src/main/AndroidManifest.xml:2:22-62
8
9    <uses-feature
9-->src/main/AndroidManifest.xml:3:5-85
10        android:name="android.hardware.camera"
10-->src/main/AndroidManifest.xml:3:19-57
11        android:required="false" />
11-->src/main/AndroidManifest.xml:3:58-82
12
13    <application>
13-->src/main/AndroidManifest.xml:5:5-25:19
14        <activity
14-->src/main/AndroidManifest.xml:6:9-10:40
15            android:name="com.adapterrn84.turbomodules.connector.channels.ResultBridgeActivity"
15-->src/main/AndroidManifest.xml:7:13-96
16            android:excludeFromRecents="true"
16-->src/main/AndroidManifest.xml:9:13-46
17            android:exported="false"
17-->src/main/AndroidManifest.xml:10:13-37
18            android:theme="@android:style/Theme.Translucent.NoTitleBar" />
18-->src/main/AndroidManifest.xml:8:13-72
19        <activity
19-->src/main/AndroidManifest.xml:11:9-20:20
20            android:name="com.adapterrn84.turbomodules.connector.channels.CameraScanActivity"
20-->src/main/AndroidManifest.xml:12:13-94
21            android:configChanges="orientation|screenSize"
21-->src/main/AndroidManifest.xml:14:13-59
22            android:exported="false"
22-->src/main/AndroidManifest.xml:15:13-37
23            android:theme="@style/Theme.AppCompat.NoActionBar" >
23-->src/main/AndroidManifest.xml:13:13-63
24            <intent-filter>
24-->src/main/AndroidManifest.xml:16:13-19:29
25                <action android:name="com.impos2.posadapter.action.CAMERA_SCAN" />
25-->src/main/AndroidManifest.xml:17:17-83
25-->src/main/AndroidManifest.xml:17:25-80
26
27                <category android:name="android.intent.category.DEFAULT" />
27-->src/main/AndroidManifest.xml:18:17-76
27-->src/main/AndroidManifest.xml:18:27-73
28            </intent-filter>
29        </activity>
30
31        <service
31-->src/main/AndroidManifest.xml:21:9-24:40
32            android:name="com.adapterrn84.turbomodules.localwebserver.LocalWebServerService"
32-->src/main/AndroidManifest.xml:22:13-93
33            android:exported="false"
33-->src/main/AndroidManifest.xml:24:13-37
34            android:foregroundServiceType="dataSync" />
34-->src/main/AndroidManifest.xml:23:13-53
35    </application>
36
37</manifest>